<?xml version="1.0" encoding="UTF-8"?>
<testng-results skipped="0" failed="0" ignored="0" total="1" passed="1">
  <reporter-output>
  </reporter-output>
  <suite name="Surefire suite" duration-ms="5777" started-at="2019-01-22T14:01:50Z" finished-at="2019-01-22T14:01:55Z">
    <groups>
    </groups>
    <test name="Surefire test" duration-ms="5777" started-at="2019-01-22T14:01:50Z" finished-at="2019-01-22T14:01:55Z">
      <class name="TestClass">
        <test-method status="PASS" signature="firsttest()[pri:0, instance:TestClass@1b604f19]" name="firsttest" duration-ms="5748" started-at="2019-01-22T14:01:50Z" finished-at="2019-01-22T14:01:55Z">
          <reporter-output>
          </reporter-output>
        </test-method> <!-- firsttest -->
      </class> <!-- TestClass -->
    </test> <!-- Surefire test -->
  </suite> <!-- Surefire suite -->
</testng-results>
