<?xml version="1.0" encoding="UTF-8"?>
<testng-results skipped="0" failed="0" ignored="0" total="1" passed="1">
  <reporter-output>
  </reporter-output>
  <suite name="TestClass" duration-ms="6265" started-at="2019-01-21T18:45:28Z" finished-at="2019-01-21T18:45:34Z">
    <groups>
    </groups>
    <test name="Command line test" duration-ms="6265" started-at="2019-01-21T18:45:28Z" finished-at="2019-01-21T18:45:34Z">
      <class name="TestClass">
        <test-method status="PASS" signature="firsttest()[pri:0, instance:TestClass@3d24753a]" name="firsttest" duration-ms="6258" started-at="2019-01-21T18:45:28Z" finished-at="2019-01-21T18:45:34Z">
          <reporter-output>
          </reporter-output>
        </test-method> <!-- firsttest -->
      </class> <!-- TestClass -->
    </test> <!-- Command line test -->
  </suite> <!-- TestClass -->
</testng-results>
